<?xml version="1.0" encoding="UTF-8"?>
<testng-results ignored="0" total="2" passed="2" failed="0" skipped="0">
  <reporter-output>
  </reporter-output>
  <suite started-at="2023-11-08T23:45:28 EST" name="Surefire suite" finished-at="2023-11-08T23:45:44 EST" duration-ms="16451">
    <groups>
    </groups>
    <test started-at="2023-11-08T23:45:28 EST" name="Surefire test" finished-at="2023-11-08T23:45:44 EST" duration-ms="16451">
      <class name="com.shift.tests.ShiftTest">
        <test-method is-config="true" signature="suiteInit()[pri:0, instance:com.shift.tests.ShiftTest@7920ba90]" started-at="2023-11-08T23:45:28 EST" name="suiteInit" finished-at="2023-11-08T23:45:28 EST" duration-ms="8" status="PASS">
          <reporter-output>
          </reporter-output>
        </test-method> <!-- suiteInit -->
        <test-method is-config="true" signature="setUp()[pri:0, instance:com.shift.tests.ShiftTest@7920ba90]" started-at="2023-11-08T23:45:28 EST" name="setUp" finished-at="2023-11-08T23:45:30 EST" duration-ms="2437" status="PASS">
          <reporter-output>
          </reporter-output>
        </test-method> <!-- setUp -->
        <test-method signature="validateUrlTest()[pri:0, instance:com.shift.tests.ShiftTest@7920ba90]" started-at="2023-11-08T23:45:30 EST" name="validateUrlTest" finished-at="2023-11-08T23:45:36 EST" duration-ms="5255" status="PASS">
          <reporter-output>
          </reporter-output>
        </test-method> <!-- validateUrlTest -->
        <test-method is-config="true" signature="tearDown()[pri:0, instance:com.shift.tests.ShiftTest@7920ba90]" started-at="2023-11-08T23:45:36 EST" name="tearDown" finished-at="2023-11-08T23:45:36 EST" duration-ms="516" status="PASS">
          <reporter-output>
          </reporter-output>
        </test-method> <!-- tearDown -->
        <test-method is-config="true" signature="setUp()[pri:0, instance:com.shift.tests.ShiftTest@7920ba90]" started-at="2023-11-08T23:45:36 EST" name="setUp" finished-at="2023-11-08T23:45:38 EST" duration-ms="1420" status="PASS">
          <reporter-output>
          </reporter-output>
        </test-method> <!-- setUp -->
        <test-method signature="leadQaPositionTest()[pri:1, instance:com.shift.tests.ShiftTest@7920ba90]" started-at="2023-11-08T23:45:38 EST" name="leadQaPositionTest" finished-at="2023-11-08T23:45:44 EST" duration-ms="6378" status="PASS">
          <reporter-output>
          </reporter-output>
        </test-method> <!-- leadQaPositionTest -->
        <test-method is-config="true" signature="tearDown()[pri:0, instance:com.shift.tests.ShiftTest@7920ba90]" started-at="2023-11-08T23:45:44 EST" name="tearDown" finished-at="2023-11-08T23:45:44 EST" duration-ms="421" status="PASS">
          <reporter-output>
          </reporter-output>
        </test-method> <!-- tearDown -->
        <test-method is-config="true" signature="suiteTearDown()[pri:0, instance:com.shift.tests.ShiftTest@7920ba90]" started-at="2023-11-08T23:45:44 EST" name="suiteTearDown" finished-at="2023-11-08T23:45:45 EST" duration-ms="213" status="PASS">
          <reporter-output>
          </reporter-output>
        </test-method> <!-- suiteTearDown -->
      </class> <!-- com.shift.tests.ShiftTest -->
    </test> <!-- Surefire test -->
  </suite> <!-- Surefire suite -->
</testng-results>
